2024-02-12 09:45:55,810 - INFO - ================= Opening Lenskart website =====================a
2024-02-12 09:46:01,978 - INFO - Title of the page: Eyeglasses, Sunglasses, Contact Lens Online - Lenskart IN
2024-02-12 09:46:01,987 - INFO - The title of the webpage is : Eyeglasses, Sunglasses, Contact Lens Online - Lenskart IN
2024-02-12 09:46:01,987 - INFO - Lenskart Title Validated Successfully
2024-02-12 09:46:04,219 - INFO - Available brands are :
2024-02-12 09:46:04,219 - INFO - ['Aqualens', 'Bausch Lomb', 'Soflens', 'Acuvue', 'Iconnect', 'Alcon']
2024-02-12 09:46:09,978 - INFO - 
Available Disposabilities are :
2024-02-12 09:46:10,022 - INFO - Monthly Disposable(69)
Daily Disposable(39)
2024-02-12 09:46:13,583 - INFO - 
Available Brands are :
2024-02-12 09:46:13,597 - INFO - Aquacolor(48)
Aqualens(5)
2024-02-12 09:46:19,207 - INFO - 
Available Price Range is :
2024-02-12 09:46:19,220 - INFO - Rs. 0 - Rs. 499(3)
Rs. 500 - Rs. 999(2)
2024-02-12 09:46:24,729 - INFO - -----------------------------------------------------------
2024-02-12 09:46:25,190 - INFO - 
----------------Product Selected Successfully-----------------
2024-02-12 09:46:25,451 - INFO - Screenshot saved: product_1_screenshot.png
2024-02-12 09:46:27,779 - INFO - 

No of windows Opened: 2
2024-02-12 09:46:27,798 - INFO - 

2024-02-12 09:46:29,253 - INFO - Title of the webpage is: Aqualens 10HMonthly
2024-02-12 09:46:43,253 - INFO - 
----------------Checkout is Done---------------------
2024-02-12 09:46:49,133 - INFO - 
Available Disposabilities are :
2024-02-12 09:46:49,302 - INFO - Monthly Disposable(69)
Daily Disposable(39)
2024-02-12 09:46:52,848 - INFO - 
Available Brands are :
2024-02-12 09:46:52,861 - INFO - Aquacolor(25)
Aqualens(6)
2024-02-12 09:46:58,422 - INFO - 
Available Price Range is :
2024-02-12 09:46:58,431 - INFO - Rs. 0 - Rs. 499(6)
Rs. 500 - Rs. 999(19)
2024-02-12 09:47:03,972 - INFO - -----------------------------------------------------------
2024-02-12 09:47:04,091 - INFO - 


2024-02-12 09:47:04,558 - INFO - 
----------------Product Selected Successfully-----------------
2024-02-12 09:47:04,859 - INFO - Screenshot saved: product_1_screenshot.png
2024-02-12 09:47:07,140 - INFO - 

No of windows Opened: 2
2024-02-12 09:47:07,163 - INFO - 

2024-02-12 09:47:08,775 - INFO - Title of the webpage is: Aquacolor Spicy Grey Zero Power Dailies
2024-02-12 09:47:08,798 - INFO - Aquacolor titleAquacolor Spicy Grey Zero Power Dailies
2024-02-12 09:47:13,965 - INFO - 
----------------Checkout is Done---------------------
2024-02-12 09:49:24,658 - INFO - ================= Opening Lenskart website =====================a
2024-02-12 09:49:30,182 - INFO - Title of the page: Eyeglasses, Sunglasses, Contact Lens Online - Lenskart IN
2024-02-12 09:49:30,192 - INFO - The title of the webpage is : Eyeglasses, Sunglasses, Contact Lens Online - Lenskart IN
2024-02-12 09:49:30,192 - INFO - Lenskart Title Validated Successfully
2024-02-12 09:49:32,441 - INFO - Available brands are :
2024-02-12 09:49:32,441 - INFO - ['Aqualens', 'Bausch Lomb', 'Soflens', 'Acuvue', 'Iconnect', 'Alcon']
2024-02-12 09:49:37,976 - INFO - 
Available Disposabilities are :
2024-02-12 09:49:38,022 - INFO - Monthly Disposable(69)
Daily Disposable(39)
2024-02-12 09:49:41,611 - INFO - 
Available Brands are :
2024-02-12 09:49:41,623 - INFO - Aquacolor(48)
Aqualens(5)
2024-02-12 09:49:47,230 - INFO - 
Available Price Range is :
2024-02-12 09:49:47,245 - INFO - Rs. 0 - Rs. 499(3)
Rs. 500 - Rs. 999(2)
2024-02-12 09:49:52,749 - INFO - -----------------------------------------------------------
2024-02-12 09:49:53,170 - INFO - 
----------------Product Selected Successfully-----------------
2024-02-12 09:49:55,560 - INFO - 

No of windows Opened: 2
2024-02-12 09:49:55,563 - INFO - 

2024-02-12 09:49:55,908 - INFO - Title of the webpage is: Aqualens 10HMonthly
2024-02-12 09:49:56,133 - INFO - Screenshot saved: product_1_screenshot.png
2024-02-12 09:50:10,041 - INFO - 
----------------Checkout is Done---------------------
2024-02-12 09:50:15,884 - INFO - 
Available Disposabilities are :
2024-02-12 09:50:16,065 - INFO - Monthly Disposable(69)
Daily Disposable(39)
2024-02-12 09:50:19,589 - INFO - 
Available Brands are :
2024-02-12 09:50:19,600 - INFO - Aquacolor(25)
Aqualens(6)
2024-02-12 09:50:25,151 - INFO - 
Available Price Range is :
2024-02-12 09:50:25,167 - INFO - Rs. 0 - Rs. 499(6)
Rs. 500 - Rs. 999(19)
2024-02-12 09:50:30,698 - INFO - -----------------------------------------------------------
2024-02-12 09:50:30,800 - INFO - 


2024-02-12 09:50:31,221 - INFO - 
----------------Product Selected Successfully-----------------
2024-02-12 09:50:33,580 - INFO - 

No of windows Opened: 2
2024-02-12 09:50:33,583 - INFO - 

2024-02-12 09:50:34,568 - INFO - Title of the webpage is: Aquacolor Spicy Grey Zero Power Dailies
2024-02-12 09:50:34,871 - INFO - Screenshot saved: product_1_screenshot.png
2024-02-12 09:50:34,887 - INFO - Aquacolor titleAquacolor Spicy Grey Zero Power Dailies
2024-02-12 09:50:39,993 - INFO - 
----------------Checkout is Done---------------------
2024-02-12 09:51:41,182 - INFO - ================= Opening Lenskart website =====================a
2024-02-12 09:51:48,026 - INFO - Title of the page: Eyeglasses, Sunglasses, Contact Lens Online - Lenskart IN
2024-02-12 09:51:48,035 - INFO - The title of the webpage is : Eyeglasses, Sunglasses, Contact Lens Online - Lenskart IN
2024-02-12 09:51:48,035 - INFO - Lenskart Title Validated Successfully
2024-02-12 09:51:50,186 - INFO - Available brands are :
2024-02-12 09:51:50,186 - INFO - ['Aqualens', 'Bausch Lomb', 'Soflens', 'Acuvue', 'Iconnect', 'Alcon']
2024-02-12 09:51:56,302 - INFO - 
Available Disposabilities are :
2024-02-12 09:51:56,341 - INFO - Monthly Disposable(69)
Daily Disposable(39)
2024-02-12 09:51:59,891 - INFO - 
Available Brands are :
2024-02-12 09:51:59,903 - INFO - Aquacolor(48)
Aqualens(5)
2024-02-12 09:52:05,461 - INFO - 
Available Price Range is :
2024-02-12 09:52:05,473 - INFO - Rs. 0 - Rs. 499(3)
Rs. 500 - Rs. 999(2)
2024-02-12 09:52:10,936 - INFO - -----------------------------------------------------------
2024-02-12 09:52:11,395 - INFO - 
----------------Product Selected Successfully-----------------
2024-02-12 09:52:13,572 - INFO - 

No of windows Opened: 2
2024-02-12 09:52:13,594 - INFO - 

2024-02-12 09:52:13,913 - INFO - Title of the webpage is: Aqualens 10HMonthly
2024-02-12 09:52:14,141 - INFO - Screenshot saved: product_1_screenshot.png
2024-02-12 09:52:27,993 - INFO - 
----------------Checkout is Done---------------------
2024-02-12 09:52:33,708 - INFO - 
Available Disposabilities are :
2024-02-12 09:52:33,908 - INFO - Monthly Disposable(69)
Daily Disposable(39)
2024-02-12 09:52:37,393 - INFO - 
Available Brands are :
2024-02-12 09:52:37,406 - INFO - Aquacolor(25)
Aqualens(6)
2024-02-12 09:52:42,915 - INFO - 
Available Price Range is :
2024-02-12 09:52:42,927 - INFO - Rs. 0 - Rs. 499(6)
Rs. 500 - Rs. 999(19)
2024-02-12 09:52:48,405 - INFO - -----------------------------------------------------------
2024-02-12 09:52:48,512 - INFO - 


2024-02-12 09:52:48,956 - INFO - 
----------------Product Selected Successfully-----------------
2024-02-12 09:52:51,280 - INFO - 

No of windows Opened: 2
2024-02-12 09:52:51,283 - INFO - 

2024-02-12 09:52:51,801 - INFO - Title of the webpage is: Aquacolor Spicy Grey Zero Power Dailies
2024-02-12 09:52:52,119 - INFO - Screenshot saved: product_1_screenshot.png
2024-02-12 09:52:52,138 - INFO - Aquacolor titleAquacolor Spicy Grey Zero Power Dailies
2024-02-12 09:52:57,251 - INFO - 
----------------Checkout is Done---------------------
2024-02-12 10:15:36,987 - INFO - ================= Opening Lenskart website =====================a
2024-02-12 10:15:42,395 - INFO - Title of the page: Eyeglasses, Sunglasses, Contact Lens Online - Lenskart IN
2024-02-12 10:15:42,402 - INFO - The title of the webpage is : Eyeglasses, Sunglasses, Contact Lens Online - Lenskart IN
2024-02-12 10:15:42,402 - INFO - Lenskart Title Validated Successfully
2024-02-12 10:15:44,603 - INFO - Available brands are :
2024-02-12 10:15:44,603 - INFO - ['Aqualens', 'Bausch Lomb', 'Soflens', 'Acuvue', 'Iconnect', 'Alcon']
2024-02-12 10:15:50,432 - INFO - 
Available Disposabilities are :
2024-02-12 10:15:50,481 - INFO - Monthly Disposable(69)
Daily Disposable(39)
2024-02-12 10:15:54,079 - INFO - 
Available Brands are :
2024-02-12 10:15:54,096 - INFO - Aquacolor(48)
Aqualens(5)
2024-02-12 10:15:59,767 - INFO - 
Available Price Range is :
2024-02-12 10:15:59,785 - INFO - Rs. 0 - Rs. 499(3)
Rs. 500 - Rs. 999(2)
2024-02-12 10:16:05,322 - INFO - -----------------------------------------------------------
2024-02-12 10:16:05,705 - INFO - 
----------------Product Selected Successfully-----------------
2024-02-12 10:16:07,960 - INFO - 

No of windows Opened: 2
2024-02-12 10:16:07,963 - INFO - 

2024-02-12 10:16:09,603 - INFO - Title of the webpage is: Aqualens 10HMonthly
2024-02-12 10:16:09,767 - INFO - Screenshot saved: product_1_screenshot.png
2024-02-12 10:16:23,483 - INFO - 
----------------Checkout is Done---------------------
2024-02-12 10:16:29,229 - INFO - 
Available Disposabilities are :
2024-02-12 10:16:29,389 - INFO - Monthly Disposable(69)
Daily Disposable(39)
2024-02-12 10:16:32,884 - INFO - 
Available Brands are :
2024-02-12 10:16:32,892 - INFO - Aquacolor(25)
Aqualens(6)
2024-02-12 10:16:38,389 - INFO - 
Available Price Range is :
2024-02-12 10:16:38,400 - INFO - Rs. 0 - Rs. 499(6)
Rs. 500 - Rs. 999(19)
2024-02-12 10:16:43,897 - INFO - -----------------------------------------------------------
2024-02-12 10:16:43,982 - INFO - 


2024-02-12 10:16:44,396 - INFO - 
----------------Product Selected Successfully-----------------
2024-02-12 10:16:46,766 - INFO - 

No of windows Opened: 2
2024-02-12 10:16:46,770 - INFO - 

2024-02-12 10:16:48,291 - INFO - Title of the webpage is: Aquacolor Spicy Grey Zero Power Dailies
2024-02-12 10:16:48,609 - INFO - Screenshot saved: product_1_screenshot.png
2024-02-12 10:16:48,621 - INFO - Aquacolor titleAquacolor Spicy Grey Zero Power Dailies
2024-02-12 10:16:53,718 - INFO - 
----------------Checkout is Done---------------------
2024-02-13 09:02:10,500 - INFO - ================= Opening Lenskart website =====================a
2024-02-13 09:02:18,220 - INFO - Title of the page: Eyeglasses, Sunglasses, Contact Lens Online - Lenskart IN
2024-02-13 09:02:18,228 - INFO - The title of the webpage is : Eyeglasses, Sunglasses, Contact Lens Online - Lenskart IN
2024-02-13 09:02:18,228 - INFO - Lenskart Title Validated Successfully
2024-02-13 09:02:20,362 - INFO - Available brands are :
2024-02-13 09:02:20,362 - INFO - ['Aqualens', 'Bausch Lomb', 'Soflens', 'Acuvue', 'Iconnect', 'Alcon']
2024-02-13 09:02:27,243 - INFO - 
Available Disposabilities are :
2024-02-13 09:02:27,295 - INFO - Monthly Disposable(67)
Daily Disposable(38)
2024-02-13 09:02:30,830 - INFO - 
Available Brands are :
2024-02-13 09:02:30,843 - INFO - Aquacolor(47)
Aqualens(5)
2024-02-13 09:02:36,383 - INFO - 
Available Price Range is :
2024-02-13 09:02:36,391 - INFO - Rs. 0 - Rs. 499(3)
Rs. 500 - Rs. 999(2)
2024-02-13 09:02:41,883 - INFO - -----------------------------------------------------------
2024-02-13 09:02:42,308 - INFO - 
----------------Product Selected Successfully-----------------
2024-02-13 09:02:58,991 - INFO - ================= Opening Lenskart website =====================a
2024-02-13 09:03:07,861 - INFO - Title of the page: Eyeglasses, Sunglasses, Contact Lens Online - Lenskart IN
2024-02-13 09:03:07,867 - INFO - The title of the webpage is : Eyeglasses, Sunglasses, Contact Lens Online - Lenskart IN
2024-02-13 09:03:07,868 - INFO - Lenskart Title Validated Successfully
2024-02-13 09:03:10,019 - INFO - Available brands are :
2024-02-13 09:03:10,020 - INFO - ['Aqualens', 'Bausch Lomb', 'Soflens', 'Acuvue', 'Iconnect', 'Alcon']
2024-02-13 09:03:16,376 - INFO - 
Available Disposabilities are :
2024-02-13 09:03:16,432 - INFO - Monthly Disposable(67)
Daily Disposable(38)
2024-02-13 09:03:19,991 - INFO - 
Available Brands are :
2024-02-13 09:03:20,014 - INFO - Aquacolor(47)
Aqualens(5)
2024-02-13 09:03:25,728 - INFO - 
Available Price Range is :
2024-02-13 09:03:25,745 - INFO - Rs. 0 - Rs. 499(3)
Rs. 500 - Rs. 999(2)
2024-02-13 09:03:31,233 - INFO - -----------------------------------------------------------
2024-02-13 09:03:31,635 - INFO - 
----------------Product Selected Successfully-----------------
2024-02-13 09:04:25,142 - INFO - ================= Opening Lenskart website =====================a
2024-02-13 09:04:32,415 - INFO - Title of the page: Eyeglasses, Sunglasses, Contact Lens Online - Lenskart IN
2024-02-13 09:04:32,422 - INFO - The title of the webpage is : Eyeglasses, Sunglasses, Contact Lens Online - Lenskart IN
2024-02-13 09:04:32,422 - INFO - Lenskart Title Validated Successfully
2024-02-13 09:04:34,530 - INFO - Available brands are :
2024-02-13 09:04:34,530 - INFO - ['Aqualens', 'Bausch Lomb', 'Soflens', 'Acuvue', 'Iconnect', 'Alcon']
2024-02-13 09:04:51,063 - INFO - 
Available Disposabilities are :
2024-02-13 09:04:51,123 - INFO - Monthly Disposable(67)
Daily Disposable(38)
2024-02-13 09:04:54,649 - INFO - 
Available Brands are :
2024-02-13 09:04:54,661 - INFO - Aquacolor(47)
Aqualens(5)
2024-02-13 09:05:00,183 - INFO - 
Available Price Range is :
2024-02-13 09:05:00,196 - INFO - Rs. 0 - Rs. 499(3)
Rs. 500 - Rs. 999(2)
2024-02-13 09:05:05,681 - INFO - -----------------------------------------------------------
2024-02-13 09:05:06,102 - INFO - 
----------------Product Selected Successfully-----------------
2024-02-13 09:05:18,149 - ERROR - Window Handling Exception occurred: Message: 

2024-02-13 09:05:18,149 - INFO - 
----------------Checkout is Done---------------------
2024-02-13 09:05:48,248 - INFO - ================= Opening Lenskart website =====================a
2024-02-13 09:05:55,664 - INFO - Title of the page: Eyeglasses, Sunglasses, Contact Lens Online - Lenskart IN
2024-02-13 09:05:55,674 - INFO - The title of the webpage is : Eyeglasses, Sunglasses, Contact Lens Online - Lenskart IN
2024-02-13 09:05:55,675 - INFO - Lenskart Title Validated Successfully
2024-02-13 09:05:57,845 - INFO - Available brands are :
2024-02-13 09:05:57,845 - INFO - ['Aqualens', 'Bausch Lomb', 'Soflens', 'Acuvue', 'Iconnect', 'Alcon']
2024-02-13 09:06:04,497 - INFO - 
Available Disposabilities are :
2024-02-13 09:06:04,545 - INFO - Monthly Disposable(67)
Daily Disposable(38)
2024-02-13 09:06:08,069 - INFO - 
Available Brands are :
2024-02-13 09:06:08,084 - INFO - Aquacolor(47)
Aqualens(5)
2024-02-13 09:06:13,635 - INFO - 
Available Price Range is :
2024-02-13 09:06:13,648 - INFO - Rs. 0 - Rs. 499(3)
Rs. 500 - Rs. 999(2)
2024-02-13 09:06:19,153 - INFO - -----------------------------------------------------------
2024-02-13 09:06:19,682 - INFO - 
----------------Product Selected Successfully-----------------
2024-02-13 09:06:21,899 - INFO - 

No of windows Opened: 2
2024-02-13 09:06:21,902 - INFO - 

2024-02-13 09:06:22,883 - INFO - Title of the webpage is: Aqualens 10HMonthly
2024-02-13 09:06:23,075 - INFO - Screenshot saved: product_1_screenshot.png
2024-02-13 09:06:36,853 - INFO - 
----------------Checkout is Done---------------------
2024-02-13 09:06:42,688 - INFO - 
Available Disposabilities are :
2024-02-13 09:06:42,850 - INFO - Monthly Disposable(67)
Daily Disposable(38)
2024-02-13 09:06:46,384 - INFO - 
Available Brands are :
2024-02-13 09:06:46,398 - INFO - Aquacolor(24)
Aqualens(6)
2024-02-13 09:06:51,911 - INFO - 
Available Price Range is :
2024-02-13 09:06:51,921 - INFO - Rs. 0 - Rs. 499(6)
Rs. 500 - Rs. 999(18)
2024-02-13 09:06:57,414 - INFO - -----------------------------------------------------------
2024-02-13 09:06:57,552 - INFO - 


2024-02-13 09:06:58,032 - INFO - 
----------------Product Selected Successfully-----------------
2024-02-13 09:07:00,488 - INFO - 

No of windows Opened: 2
2024-02-13 09:07:00,490 - INFO - 

2024-02-13 09:07:01,762 - INFO - Title of the webpage is: Aquacolor Spicy Grey Zero Power Dailies
2024-02-13 09:07:02,077 - INFO - Screenshot saved: product_2_screenshot.png
2024-02-13 09:07:02,084 - INFO - Aquacolor titleAquacolor Spicy Grey Zero Power Dailies
2024-02-13 09:07:07,193 - INFO - 
----------------Checkout is Done---------------------
2024-02-13 11:03:54,373 - INFO - ================= Opening Lenskart website =====================a
2024-02-13 11:04:03,993 - INFO - Title of the page: Eyeglasses, Sunglasses, Contact Lens Online - Lenskart IN
2024-02-13 11:04:03,996 - INFO - The title of the webpage is : Eyeglasses, Sunglasses, Contact Lens Online - Lenskart IN
2024-02-13 11:04:03,997 - INFO - Lenskart Title Validated Successfully
2024-02-13 11:04:06,104 - INFO - Available brands are :
2024-02-13 11:04:06,105 - INFO - ['Aqualens', 'Bausch Lomb', 'Soflens', 'Acuvue', 'Iconnect', 'Alcon']
2024-02-13 11:04:23,994 - INFO - 
Available Disposabilities are :
2024-02-13 11:04:34,045 - ERROR - Exception occurred while filtering product on the basis of Disposability: Message: no such element: Unable to locate element: {"method":"xpath","selector":"//*[@id='contact_disposable_type']/div[2]/div/div[1]/label/div"}
  (Session info: chrome=121.0.6167.141); For documentation on this error, please visit: https://www.selenium.dev/documentation/webdriver/troubleshooting/errors#no-such-element-exception
Stacktrace:
	GetHandleVerifier [0x00007FF70C465E42+3538674]
	(No symbol) [0x00007FF70C084C02]
	(No symbol) [0x00007FF70BF35AEB]
	(No symbol) [0x00007FF70BF7BF4E]
	(No symbol) [0x00007FF70BF7C0CC]
	(No symbol) [0x00007FF70BFBE477]
	(No symbol) [0x00007FF70BF9F0EF]
	(No symbol) [0x00007FF70BFBBDE3]
	(No symbol) [0x00007FF70BF9EE53]
	(No symbol) [0x00007FF70BF6F514]
	(No symbol) [0x00007FF70BF70631]
	GetHandleVerifier [0x00007FF70C496CAD+3738973]
	GetHandleVerifier [0x00007FF70C4EC506+4089270]
	GetHandleVerifier [0x00007FF70C4E4823+4057299]
	GetHandleVerifier [0x00007FF70C1B5C49+720121]
	(No symbol) [0x00007FF70C09126F]
	(No symbol) [0x00007FF70C08C304]
	(No symbol) [0x00007FF70C08C432]
	(No symbol) [0x00007FF70C07BD04]
	BaseThreadInitThunk [0x00007FFF1EB1257D+29]
	RtlUserThreadStart [0x00007FFF1FD4AA58+40]

2024-02-13 11:04:36,066 - ERROR - Exception occurred while filtering product on the basis of Brands: Message: no such window: target window already closed
from unknown error: web view not found
  (Session info: chrome=121.0.6167.141)
Stacktrace:
	GetHandleVerifier [0x00007FF70C465E42+3538674]
	(No symbol) [0x00007FF70C084C02]
	(No symbol) [0x00007FF70BF35AEB]
	(No symbol) [0x00007FF70BF1288C]
	(No symbol) [0x00007FF70BFA5DD7]
	(No symbol) [0x00007FF70BFBB40F]
	(No symbol) [0x00007FF70BF9EE53]
	(No symbol) [0x00007FF70BF6F514]
	(No symbol) [0x00007FF70BF70631]
	GetHandleVerifier [0x00007FF70C496CAD+3738973]
	GetHandleVerifier [0x00007FF70C4EC506+4089270]
	GetHandleVerifier [0x00007FF70C4E4823+4057299]
	GetHandleVerifier [0x00007FF70C1B5C49+720121]
	(No symbol) [0x00007FF70C09126F]
	(No symbol) [0x00007FF70C08C304]
	(No symbol) [0x00007FF70C08C432]
	(No symbol) [0x00007FF70C07BD04]
	BaseThreadInitThunk [0x00007FFF1EB1257D+29]
	RtlUserThreadStart [0x00007FFF1FD4AA58+40]

2024-02-13 11:04:36,080 - ERROR - Exception occurred while filtering product on the basis of Price: Message: no such window: target window already closed
from unknown error: web view not found
  (Session info: chrome=121.0.6167.141)
Stacktrace:
	GetHandleVerifier [0x00007FF70C465E42+3538674]
	(No symbol) [0x00007FF70C084C02]
	(No symbol) [0x00007FF70BF35AEB]
	(No symbol) [0x00007FF70BF1288C]
	(No symbol) [0x00007FF70BFA5DD7]
	(No symbol) [0x00007FF70BFBB40F]
	(No symbol) [0x00007FF70BF9EE53]
	(No symbol) [0x00007FF70BF6F514]
	(No symbol) [0x00007FF70BF70631]
	GetHandleVerifier [0x00007FF70C496CAD+3738973]
	GetHandleVerifier [0x00007FF70C4EC506+4089270]
	GetHandleVerifier [0x00007FF70C4E4823+4057299]
	GetHandleVerifier [0x00007FF70C1B5C49+720121]
	(No symbol) [0x00007FF70C09126F]
	(No symbol) [0x00007FF70C08C304]
	(No symbol) [0x00007FF70C08C432]
	(No symbol) [0x00007FF70C07BD04]
	BaseThreadInitThunk [0x00007FFF1EB1257D+29]
	RtlUserThreadStart [0x00007FFF1FD4AA58+40]

2024-02-13 11:04:50,823 - INFO - ================= Opening Lenskart website =====================a
2024-02-13 11:05:23,186 - INFO - Title of the page: Error Page
2024-02-13 11:05:23,198 - INFO - The title of the webpage is : Error Page
2024-02-13 11:33:28,587 - INFO - ================= Opening Lenskart website =====================a
2024-02-13 11:33:33,287 - INFO - Title of the page: Eyeglasses, Sunglasses, Contact Lens Online - Lenskart IN
2024-02-13 11:33:33,294 - INFO - The title of the webpage is : Eyeglasses, Sunglasses, Contact Lens Online - Lenskart IN
2024-02-13 11:33:33,295 - INFO - Lenskart Title Validated Successfully
2024-02-13 11:33:35,423 - INFO - Available brands are :
2024-02-13 11:33:35,423 - INFO - ['Aqualens', 'Bausch Lomb', 'Soflens', 'Acuvue', 'Iconnect', 'Alcon']
2024-02-13 11:33:41,458 - INFO - 
Available Disposabilities are :
2024-02-13 11:33:41,505 - INFO - Monthly Disposable(67)
Daily Disposable(38)
2024-02-13 11:33:45,050 - INFO - 
Available Brands are :
2024-02-13 11:33:45,065 - INFO - Aquacolor(47)
Aqualens(5)
2024-02-13 11:33:50,644 - INFO - 
Available Price Range is :
2024-02-13 11:33:50,656 - INFO - Rs. 0 - Rs. 499(3)
Rs. 500 - Rs. 999(2)
2024-02-13 11:33:56,129 - INFO - -----------------------------------------------------------
2024-02-13 11:33:56,548 - INFO - 
----------------Product Selected Successfully-----------------
2024-02-13 11:33:58,893 - INFO - 

No of windows Opened: 2
2024-02-13 11:33:58,897 - INFO - 

2024-02-13 11:33:59,815 - INFO - Title of the webpage is: Aqualens 10HMonthly
2024-02-13 11:34:00,031 - INFO - Screenshot saved: product_1_screenshot.png
2024-02-13 11:34:13,851 - INFO - 
----------------Checkout is Done---------------------
2024-02-13 11:34:19,713 - INFO - 
Available Disposabilities are :
2024-02-13 11:34:19,933 - INFO - Monthly Disposable(67)
Daily Disposable(38)
2024-02-13 11:34:23,412 - INFO - 
Available Brands are :
2024-02-13 11:34:23,425 - INFO - Aquacolor(24)
Aqualens(6)
2024-02-13 11:34:28,954 - INFO - 
Available Price Range is :
2024-02-13 11:34:28,966 - INFO - Rs. 0 - Rs. 499(6)
Rs. 500 - Rs. 999(18)
2024-02-13 11:34:34,436 - INFO - -----------------------------------------------------------
2024-02-13 11:34:34,559 - INFO - 


2024-02-13 11:34:35,005 - INFO - 
----------------Product Selected Successfully-----------------
2024-02-13 11:34:37,346 - INFO - 

No of windows Opened: 2
2024-02-13 11:34:37,348 - INFO - 

2024-02-13 11:34:38,083 - INFO - Title of the webpage is: Aquacolor Spicy Grey Zero Power Dailies
2024-02-13 11:34:38,444 - INFO - Screenshot saved: product_2_screenshot.png
2024-02-13 11:34:38,452 - INFO - Aquacolor titleAquacolor Spicy Grey Zero Power Dailies
2024-02-13 11:34:43,587 - INFO - 
----------------Checkout is Done---------------------
